o0,336
k5,280
h5,44
y5,265
n0,378
c8,864
l2,305
w7,323
i3,504
q1,362
o3,131
n6,798
c9,758
u0,361
r8,81
h7,760
s8,571
v8,845
e7,524
o2,199
q6,945
z6,707
f5,510
b6,404
y0,983
i1,970
c3,664
h8,115
j1,28
c4,160
m0,31
p8,88
o4,381
j5,183
f2,519
t1,276
f7,424
j4,970
f9,42
h9,493
r5,373
k8,794
j2,144
u2,258
z7,758
e1,636
q4,989
x4,92
s7,261
w3,529
v5,605
h0,963
h3,150
b5,940
x6,99
g7,811
m8,167
i0,825
v4,362
x1,819
p6,1000
p9,311
p1,357
h1,336
t5,28
l1,651
i8,741
g6,848
t2,488
a8,990
p3,495
w1,332
j7,480
y6,510
g5,647
t4,255
e5,501
z3,405
p4,719
r7,868
u5,89
y1,49
y9,505
e9,199
s3,111
a9,286
i5,216
u7,569
j8,410
w6,552
w8,712
g3,111
k0,975
o8,620
o5,953
a6,524
i6,344
r4,346
l3,757
d9,312
