a4,254
b9,274
a2,14
k4,167
g2,571
i9,766
b7,398
u8,298
g4,800
m7,196
x5,863
r9,964
r0,616
e2,891
u6,229
v1,420
n2,926
u1,81
v7,329
s6,8
x9,63
p7,796
k6,726
m1,672
d1,179
q7,915
t8,296
m5,327
f4,219
n1,426
l5,225
u3,635
q9,396
k7,608
e0,169
j0,784
j6,594
n4,59
k2,208
m2,549
r1,314
z1,348
h2,573
i7,294
k3,300
x7,42
e3,585
c7,633
l4,985
s0,538
p2,597
v2,848
q0,374
z2,63
s2,594
r6,554
w0,2
b3,627
y8,276
x8,769
z8,653
t6,804
q3,609
g9,859
g8,532
j3,896
l8,139
t3,399
n8,299
y2,453
a0,843
m3,461
h6,612
w4,145
d0,60
c2,321
d3,802
z5,567
c0,73
x2,541
v3,601
g1,550
y3,929
m9,885
f6,379
j9,1
c5,531
t7,467
m6,118
m4,121
k1,300
l6,711
p0,319
x0,366
d4,284
y4,347
n3,604
y7,358
q5,91
f0,289
